<?xml version="1.0" encoding="UTF-8"?>
<testsuite name="hotScore 분포 검증" tests="3" skipped="0" failures="0" errors="0" timestamp="2026-03-18T02:55:30" hostname="11479ui-MacBookPro.local" time="0.002">
  <properties/>
  <testcase name="hotScore_80이상_좌석이_전체의_10~25% 범위이다" classname="com.ticketing.domain.seat.SeatSettingStrategyTest$MusicalStandardTest$HotScoreDistributionTest" time="0.001"/>
  <testcase name="모든_hotScore가_0~100_범위이다" classname="com.ticketing.domain.seat.SeatSettingStrategyTest$MusicalStandardTest$HotScoreDistributionTest" time="0.0"/>
  <testcase name="hotScore_20이하_좌석이_전체의_10~25% 범위이다" classname="com.ticketing.domain.seat.SeatSettingStrategyTest$MusicalStandardTest$HotScoreDistributionTest" time="0.001"/>
  <system-out><![CDATA[]]></system-out>
  <system-err><![CDATA[]]></system-err>
</testsuite>
