<?xml version="1.0" encoding="UTF-8"?>
<testsuite name="UNIFORM — 완전 균등 (99명)" tests="3" skipped="0" failures="0" errors="0" timestamp="2026-03-18T02:55:30" hostname="11479ui-MacBookPro.local" time="0.002">
  <properties/>
  <testcase name="전략별_인원_차이가_1_이하이다" classname="com.ticketing.domain.audience.AudienceDistributionStrategyTest$UniformTest" time="0.001"/>
  <testcase name="보정_후_모든_전략이_11명이다" classname="com.ticketing.domain.audience.AudienceDistributionStrategyTest$UniformTest" time="0.001"/>
  <testcase name="99명_배분_시_전체_합이_정확히_99이다" classname="com.ticketing.domain.audience.AudienceDistributionStrategyTest$UniformTest" time="0.0"/>
  <system-out><![CDATA[]]></system-out>
  <system-err><![CDATA[]]></system-err>
</testsuite>
