<?xml version="1.0" encoding="UTF-8"?>
<testsuite name="엣지 케이스" tests="5" skipped="0" failures="0" errors="0" timestamp="2026-03-18T02:55:30" hostname="11479ui-MacBookPro.local" time="0.002">
  <properties/>
  <testcase name="AVAILABLE_좌석이_0개이면_빈_리스트를_반환한다" classname="com.ticketing.domain.audience.SeatPreferenceStrategyTest$EdgeCaseTest" time="0.0"/>
  <testcase name="seatCnt가_1이면_정확히_1개만_반환한다" classname="com.ticketing.domain.audience.SeatPreferenceStrategyTest$EdgeCaseTest" time="0.001"/>
  <testcase name="GradeVIP_전략인데_VIP_좌석이_0개이면_빈_리스트를_반환한다" classname="com.ticketing.domain.audience.SeatPreferenceStrategyTest$EdgeCaseTest" time="0.0"/>
  <testcase name="seatCnt가_0이면_빈_리스트를_반환한다" classname="com.ticketing.domain.audience.SeatPreferenceStrategyTest$EdgeCaseTest" time="0.0"/>
  <testcase name="AVAILABLE_좌석이_seatCnt보다_적으면_있는_만큼만_반환한다" classname="com.ticketing.domain.audience.SeatPreferenceStrategyTest$EdgeCaseTest" time="0.0"/>
  <system-out><![CDATA[]]></system-out>
  <system-err><![CDATA[]]></system-err>
</testsuite>
