<?xml version="1.0" encoding="UTF-8"?>
<testsuite name="seatGrade 검증" tests="4" skipped="0" failures="0" errors="0" timestamp="2026-03-18T02:55:30" hostname="11479ui-MacBookPro.local" time="0.001">
  <properties/>
  <testcase name="VIP_좌석_수가_전체의_약_50%이다" classname="com.ticketing.domain.seat.SeatSettingStrategyTest$ConcertFrontTest$SeatGradeTest" time="0.0"/>
  <testcase name="(row=4,col=0)은_VIP_이다" classname="com.ticketing.domain.seat.SeatSettingStrategyTest$ConcertFrontTest$SeatGradeTest" time="0.0"/>
  <testcase name="(row=5,col=8)은_R_이다" classname="com.ticketing.domain.seat.SeatSettingStrategyTest$ConcertFrontTest$SeatGradeTest" time="0.0"/>
  <testcase name="앞_50%_행은_col_무관하게_전부_VIP_이다 (vipColRatio=1.0)" classname="com.ticketing.domain.seat.SeatSettingStrategyTest$ConcertFrontTest$SeatGradeTest" time="0.0"/>
  <system-out><![CDATA[]]></system-out>
  <system-err><![CDATA[]]></system-err>
</testsuite>
