<?xml version="1.0" encoding="UTF-8"?>
<testsuite name="반올림 오차 보정" tests="4" skipped="0" failures="0" errors="0" timestamp="2026-03-18T02:55:30" hostname="11479ui-MacBookPro.local" time="0.002">
  <properties/>
  <testcase name="MUSICAL_HEAVY_FRONT_7명_보정_후_합이_정확히_7이고_음수_인원_없다" classname="com.ticketing.domain.audience.AudienceDistributionStrategyTest$RoundingCorrectionTest" time="0.0"/>
  <testcase name="CONCERT_RUSH_13명_보정_없이_합이_정확히_13이다" classname="com.ticketing.domain.audience.AudienceDistributionStrategyTest$RoundingCorrectionTest" time="0.0"/>
  <testcase name="MUSICAL_HEAVY_FRONT_7명_HotScoreFirst가_3명_FrontCenter가_2명이다" classname="com.ticketing.domain.audience.AudienceDistributionStrategyTest$RoundingCorrectionTest" time="0.0"/>
  <testcase name="BALANCED_50명_보정_없이_합이_정확히_50이다" classname="com.ticketing.domain.audience.AudienceDistributionStrategyTest$RoundingCorrectionTest" time="0.001"/>
  <system-out><![CDATA[]]></system-out>
  <system-err><![CDATA[]]></system-err>
</testsuite>
