<?xml version="1.0" encoding="UTF-8"?>
<testsuite name="BehindCenter — 뒷줄 중앙 우선" tests="2" skipped="0" failures="0" errors="0" timestamp="2026-03-18T02:55:30" hostname="11479ui-MacBookPro.local" time="0.002">
  <properties/>
  <testcase name="반환된_좌석이_모두_뒤쪽_3행_이내이다" classname="com.ticketing.domain.audience.SeatPreferenceStrategyTest$BehindCenterTest" time="0.001"/>
  <testcase name="BehindCenter와_FrontCenter_결과는_겹치지_않는다" classname="com.ticketing.domain.audience.SeatPreferenceStrategyTest$BehindCenterTest" time="0.001"/>
  <system-out><![CDATA[]]></system-out>
  <system-err><![CDATA[]]></system-err>
</testsuite>
