<?xml version="1.0" encoding="UTF-8"?>
<testsuite name="좌석 번호 연속성 검증" tests="4" skipped="0" failures="0" errors="0" timestamp="2026-03-18T02:55:30" hostname="11479ui-MacBookPro.local" time="0.004">
  <properties/>
  <testcase name="모든_좌석의_초기_상태가_AVAILABLE이다" classname="com.ticketing.domain.seat.SeatSettingStrategyTest$SeatNumberTest" time="0.0"/>
  <testcase name="좌석_번호가_1부터_160까지_빠짐없이_순차_생성된다" classname="com.ticketing.domain.seat.SeatSettingStrategyTest$SeatNumberTest" time="0.003"/>
  <testcase name="모든_좌석의_showId가_올바르게_세팅된다" classname="com.ticketing.domain.seat.SeatSettingStrategyTest$SeatNumberTest" time="0.001"/>
  <testcase name="10행_16열_총_160석이_생성된다" classname="com.ticketing.domain.seat.SeatSettingStrategyTest$SeatNumberTest" time="0.0"/>
  <system-out><![CDATA[]]></system-out>
  <system-err><![CDATA[]]></system-err>
</testsuite>
