<?xml version="1.0" encoding="UTF-8"?>
<testsuite name="CONCERT_RUSH — 쏠림 분포" tests="3" skipped="0" failures="0" errors="0" timestamp="2026-03-18T02:55:30" hostname="11479ui-MacBookPro.local" time="0.001">
  <properties/>
  <testcase name="상위_3개_전략이_정확히_85명이다" classname="com.ticketing.domain.audience.AudienceDistributionStrategyTest$ConcertRushTest" time="0.0"/>
  <testcase name="GradeR이_1명으로_가장_적다" classname="com.ticketing.domain.audience.AudienceDistributionStrategyTest$ConcertRushTest" time="0.001"/>
  <testcase name="HotScoreFirst가_50명으로_가장_많다" classname="com.ticketing.domain.audience.AudienceDistributionStrategyTest$ConcertRushTest" time="0.0"/>
  <system-out><![CDATA[]]></system-out>
  <system-err><![CDATA[]]></system-err>
</testsuite>
